<?xml version="1.0" encoding="UTF-8"?>
<!-- Generated by org.testng.reporters.JUnitXMLReporter -->
<testsuite hostname="RaghavendraS" ignored="0" name="Test" tests="4" failures="2" timestamp="05 Oct 2020 08:38:34 GMT" time="3.291" errors="0">
  <testcase name="TCID12348" time="1.284" classname="com.restwithextent.tests.TC12244">
    <failure type="java.lang.AssertionError" message="expected [200] but found [201]">
      <![CDATA[java.lang.AssertionError: expected [200] but found [201]
at com.restwithextent.tests.TC12244.TCID12348(TC12244.java:27)
... Removed 31 stack frames]]>
    </failure>
  </testcase> <!-- TCID12348 -->
  <testcase name="TCID1234" time="0.395" classname="com.restwithextent.tests.TCID123"/>
  <testcase name="TCID123459" time="0.684" classname="com.restwithextent.tests.Tc">
    <failure type="java.lang.AssertionError" message="expected [201] but found [200]">
      <![CDATA[java.lang.AssertionError: expected [201] but found [200]
at com.restwithextent.tests.Tc.TCID123459(Tc.java:31)
... Removed 31 stack frames]]>
    </failure>
  </testcase> <!-- TCID123459 -->
  <testcase name="TCID12345" time="0.794" classname="com.restwithextent.tests.TCID1234"/>
</testsuite> <!-- Test -->
